[     999ms] [ERROR] [astro-island] Error hydrating /src/components/widget/DisplaySettings.svelte TypeError: Cannot read properties of undefined (reading 'call')

	in <unknown>


	in <unknown>

    at get_first_child (http://localhost:4321/node_modules/.vite/deps/chunk-FKYBLHJN.js?v=9344cd7a:3800:29)
    at http://localhost:4321/node_modules/.vite/deps/chunk-IGLBWQUO.js?v=9344cd7a:153:7
    at http://localhost:4321/node_modules/.vite/deps/chunk-6CTLHYZO.js?v=9344cd7a:244:17
    at DisplaySettings (http://localhost:4321/src/components/widget/DisplaySettings.svelte:60:12)
    at http://localhost:4321/node_modules/.vite/deps/chunk-6CTLHYZO.js?v=9344cd7a:302:58
    at update_reaction (http://localhost:4321/node_modules/.vite/deps/chunk-FKYBLHJN.js?v=9344cd7a:3060:18)
    at update_effect (http://localhost:4321/node_modules/.vite/deps/chunk-FKYBLHJN.js?v=9344cd7a:3190:21)
    at create_effect (http://localhost:4321/node_modules/.vite/deps/chunk-FKYBLHJN.js?v=9344cd7a:2554:7)
    at branch (http://localhost:4321/node_modules/.vite/deps/chunk-FKYBLHJN.js?v=9344cd7a:2710:10)
    at http://localhost:4321/node_modules/.vite/deps/chunk-6CTLHYZO.js?v=9344cd7a:296:17 @ http://localhost:4321/anime/:8139
[    1014ms] [ERROR] [astro-island] Error hydrating /src/components/Search.svelte TypeError: Cannot read properties of undefined (reading 'call')

	in <unknown>


	in <unknown>

    at get_first_child (http://localhost:4321/node_modules/.vite/deps/chunk-FKYBLHJN.js?v=9344cd7a:3800:29)
    at http://localhost:4321/node_modules/.vite/deps/chunk-IGLBWQUO.js?v=9344cd7a:162:9
    at http://localhost:4321/node_modules/.vite/deps/chunk-6CTLHYZO.js?v=9344cd7a:244:17
    at Search (http://localhost:4321/src/components/Search.svelte:183:17)
    at http://localhost:4321/node_modules/.vite/deps/chunk-6CTLHYZO.js?v=9344cd7a:302:58
    at update_reaction (http://localhost:4321/node_modules/.vite/deps/chunk-FKYBLHJN.js?v=9344cd7a:3060:18)
    at update_effect (http://localhost:4321/node_modules/.vite/deps/chunk-FKYBLHJN.js?v=9344cd7a:3190:21)
    at create_effect (http://localhost:4321/node_modules/.vite/deps/chunk-FKYBLHJN.js?v=9344cd7a:2554:7)
    at branch (http://localhost:4321/node_modules/.vite/deps/chunk-FKYBLHJN.js?v=9344cd7a:2710:10)
    at http://localhost:4321/node_modules/.vite/deps/chunk-6CTLHYZO.js?v=9344cd7a:296:17 @ http://localhost:4321/anime/:8139
[    1016ms] [WARNING] Failed to hydrate:  TypeError: Cannot read properties of undefined (reading 'call')

	in <unknown>


	in <unknown>

    at get_next_sibling (http://localhost:4321/node_modules/.vite/deps/chunk-FKYBLHJN.js?v=9344cd7a:3803:30)
    at remove_effect_dom (http://localhost:4321/node_modules/.vite/deps/chunk-FKYBLHJN.js?v=9344cd7a:2789:7)
    at destroy_effect (http://localhost:4321/node_modules/.vite/deps/chunk-FKYBLHJN.js?v=9344cd7a:2759:5)
    at create_effect (http://localhost:4321/node_modules/.vite/deps/chunk-FKYBLHJN.js?v=9344cd7a:2557:7)
    at branch (http://localhost:4321/node_modules/.vite/deps/chunk-FKYBLHJN.js?v=9344cd7a:2710:10)
    at http://localhost:4321/node_modules/.vite/deps/chunk-6CTLHYZO.js?v=9344cd7a:296:17
    at update_reaction (http://localhost:4321/node_modules/.vite/deps/chunk-FKYBLHJN.js?v=9344cd7a:3060:18)
    at update_effect (http://localhost:4321/node_modules/.vite/deps/chunk-FKYBLHJN.js?v=9344cd7a:3190:21)
    at create_effect (http://localhost:4321/node_modules/.vite/deps/chunk-FKYBLHJN.js?v=9344cd7a:2554:7)
    at block (http://localhost:4321/node_modules/.vite/deps/chunk-FKYBLHJN.js?v=9344cd7a:2703:17) @ http://localhost:4321/node_modules/.vite/deps/chunk-EYUIUZYQ.js?v=9344cd7a:607
[    1017ms] [ERROR] [astro-island] Error hydrating /src/components/LightDarkSwitchClient.svelte TypeError: Cannot read properties of undefined (reading 'call')

	in <unknown>


	in <unknown>

    at get_next_sibling (http://localhost:4321/node_modules/.vite/deps/chunk-FKYBLHJN.js?v=9344cd7a:3803:30)
    at remove_effect_dom (http://localhost:4321/node_modules/.vite/deps/chunk-FKYBLHJN.js?v=9344cd7a:2789:7)
    at destroy_effect (http://localhost:4321/node_modules/.vite/deps/chunk-FKYBLHJN.js?v=9344cd7a:2759:5)
    at create_effect (http://localhost:4321/node_modules/.vite/deps/chunk-FKYBLHJN.js?v=9344cd7a:2557:7)
    at branch (http://localhost:4321/node_modules/.vite/deps/chunk-FKYBLHJN.js?v=9344cd7a:2710:10)
    at http://localhost:4321/node_modules/.vite/deps/chunk-6CTLHYZO.js?v=9344cd7a:296:17
    at update_reaction (http://localhost:4321/node_modules/.vite/deps/chunk-FKYBLHJN.js?v=9344cd7a:3060:18)
    at update_effect (http://localhost:4321/node_modules/.vite/deps/chunk-FKYBLHJN.js?v=9344cd7a:3190:21)
    at create_effect (http://localhost:4321/node_modules/.vite/deps/chunk-FKYBLHJN.js?v=9344cd7a:2554:7)
    at block (http://localhost:4321/node_modules/.vite/deps/chunk-FKYBLHJN.js?v=9344cd7a:2703:17) @ http://localhost:4321/anime/:8139
[    1051ms] [ERROR] [astro-island] Error hydrating /src/components/Search.svelte TypeError: Cannot read properties of undefined (reading 'call')

	in <unknown>


	in <unknown>

    at get_first_child (http://localhost:4321/node_modules/.vite/deps/chunk-FKYBLHJN.js?v=9344cd7a:3800:29)
    at http://localhost:4321/node_modules/.vite/deps/chunk-IGLBWQUO.js?v=9344cd7a:162:9
    at http://localhost:4321/node_modules/.vite/deps/chunk-6CTLHYZO.js?v=9344cd7a:244:17
    at Search (http://localhost:4321/src/components/Search.svelte:183:17)
    at http://localhost:4321/node_modules/.vite/deps/chunk-6CTLHYZO.js?v=9344cd7a:302:58
    at update_reaction (http://localhost:4321/node_modules/.vite/deps/chunk-FKYBLHJN.js?v=9344cd7a:3060:18)
    at update_effect (http://localhost:4321/node_modules/.vite/deps/chunk-FKYBLHJN.js?v=9344cd7a:3190:21)
    at create_effect (http://localhost:4321/node_modules/.vite/deps/chunk-FKYBLHJN.js?v=9344cd7a:2554:7)
    at branch (http://localhost:4321/node_modules/.vite/deps/chunk-FKYBLHJN.js?v=9344cd7a:2710:10)
    at http://localhost:4321/node_modules/.vite/deps/chunk-6CTLHYZO.js?v=9344cd7a:296:17 @ http://localhost:4321/anime/:8139
[    1052ms] [ERROR] [astro-island] Error hydrating /src/components/widget/DisplaySettings.svelte TypeError: node.remove is not a function

	in <unknown>


	in <unknown>

    at remove_effect_dom (http://localhost:4321/node_modules/.vite/deps/chunk-FKYBLHJN.js?v=9344cd7a:2791:10)
    at destroy_effect (http://localhost:4321/node_modules/.vite/deps/chunk-FKYBLHJN.js?v=9344cd7a:2759:5)
    at create_effect (http://localhost:4321/node_modules/.vite/deps/chunk-FKYBLHJN.js?v=9344cd7a:2557:7)
    at branch (http://localhost:4321/node_modules/.vite/deps/chunk-FKYBLHJN.js?v=9344cd7a:2710:10)
    at http://localhost:4321/node_modules/.vite/deps/chunk-6CTLHYZO.js?v=9344cd7a:296:17
    at update_reaction (http://localhost:4321/node_modules/.vite/deps/chunk-FKYBLHJN.js?v=9344cd7a:3060:18)
    at update_effect (http://localhost:4321/node_modules/.vite/deps/chunk-FKYBLHJN.js?v=9344cd7a:3190:21)
    at create_effect (http://localhost:4321/node_modules/.vite/deps/chunk-FKYBLHJN.js?v=9344cd7a:2554:7)
    at block (http://localhost:4321/node_modules/.vite/deps/chunk-FKYBLHJN.js?v=9344cd7a:2703:17)
    at wrapper (http://localhost:4321/node_modules/.vite/deps/chunk-6CTLHYZO.js?v=9344cd7a:289:5) @ http://localhost:4321/anime/:8139
[    1088ms] [ERROR] [astro-island] Error hydrating /src/components/LightDarkSwitchClient.svelte TypeError: Cannot read properties of undefined (reading 'call')

	in <unknown>


	in <unknown>

    at get_next_sibling (http://localhost:4321/node_modules/.vite/deps/chunk-FKYBLHJN.js?v=9344cd7a:3803:30)
    at remove_effect_dom (http://localhost:4321/node_modules/.vite/deps/chunk-FKYBLHJN.js?v=9344cd7a:2789:7)
    at destroy_effect (http://localhost:4321/node_modules/.vite/deps/chunk-FKYBLHJN.js?v=9344cd7a:2759:5)
    at create_effect (http://localhost:4321/node_modules/.vite/deps/chunk-FKYBLHJN.js?v=9344cd7a:2557:7)
    at branch (http://localhost:4321/node_modules/.vite/deps/chunk-FKYBLHJN.js?v=9344cd7a:2710:10)
    at http://localhost:4321/node_modules/.vite/deps/chunk-6CTLHYZO.js?v=9344cd7a:296:17
    at update_reaction (http://localhost:4321/node_modules/.vite/deps/chunk-FKYBLHJN.js?v=9344cd7a:3060:18)
    at update_effect (http://localhost:4321/node_modules/.vite/deps/chunk-FKYBLHJN.js?v=9344cd7a:3190:21)
    at create_effect (http://localhost:4321/node_modules/.vite/deps/chunk-FKYBLHJN.js?v=9344cd7a:2554:7)
    at block (http://localhost:4321/node_modules/.vite/deps/chunk-FKYBLHJN.js?v=9344cd7a:2703:17) @ http://localhost:4321/anime/:8139
[    9332ms] [WARNING] [swup] No elements found matching animationSelector `[class*="transition-swup-"]` @ http://localhost:4321/node_modules/.vite/deps/chunk-SQL7AVGP.js?v=9344cd7a:366
[    9333ms] TypeError: Cannot read properties of null (reading 'classList')
    at HTMLDocument.<anonymous> (http://localhost:4321/src/layouts/Layout.astro?astro&type=script&index=1&lang.ts:26:14)
[    9333ms] TypeError: Cannot read properties of null (reading 'classList')
    at HTMLDocument.<anonymous> (http://localhost:4321/src/layouts/Layout.astro?astro&type=script&index=1&lang.ts:26:14)
[    9495ms] [ERROR] [astro-island] Error hydrating /src/components/Search.svelte TypeError: Cannot read properties of undefined (reading 'call')

	in <unknown>


	in <unknown>

    at get_first_child (http://localhost:4321/node_modules/.vite/deps/chunk-FKYBLHJN.js?v=9344cd7a:3800:29)
    at http://localhost:4321/node_modules/.vite/deps/chunk-IGLBWQUO.js?v=9344cd7a:162:9
    at http://localhost:4321/node_modules/.vite/deps/chunk-6CTLHYZO.js?v=9344cd7a:244:17
    at Search (http://localhost:4321/src/components/Search.svelte:183:17)
    at http://localhost:4321/node_modules/.vite/deps/chunk-6CTLHYZO.js?v=9344cd7a:302:58
    at update_reaction (http://localhost:4321/node_modules/.vite/deps/chunk-FKYBLHJN.js?v=9344cd7a:3060:18)
    at update_effect (http://localhost:4321/node_modules/.vite/deps/chunk-FKYBLHJN.js?v=9344cd7a:3190:21)
    at create_effect (http://localhost:4321/node_modules/.vite/deps/chunk-FKYBLHJN.js?v=9344cd7a:2554:7)
    at branch (http://localhost:4321/node_modules/.vite/deps/chunk-FKYBLHJN.js?v=9344cd7a:2710:10)
    at http://localhost:4321/node_modules/.vite/deps/chunk-6CTLHYZO.js?v=9344cd7a:296:17 @ http://localhost:4321/anime/:8139
[    9496ms] [ERROR] [astro-island] Error hydrating /src/components/widget/DisplaySettings.svelte TypeError: node.remove is not a function

	in <unknown>


	in <unknown>

    at remove_effect_dom (http://localhost:4321/node_modules/.vite/deps/chunk-FKYBLHJN.js?v=9344cd7a:2791:10)
    at destroy_effect (http://localhost:4321/node_modules/.vite/deps/chunk-FKYBLHJN.js?v=9344cd7a:2759:5)
    at create_effect (http://localhost:4321/node_modules/.vite/deps/chunk-FKYBLHJN.js?v=9344cd7a:2557:7)
    at branch (http://localhost:4321/node_modules/.vite/deps/chunk-FKYBLHJN.js?v=9344cd7a:2710:10)
    at http://localhost:4321/node_modules/.vite/deps/chunk-6CTLHYZO.js?v=9344cd7a:296:17
    at update_reaction (http://localhost:4321/node_modules/.vite/deps/chunk-FKYBLHJN.js?v=9344cd7a:3060:18)
    at update_effect (http://localhost:4321/node_modules/.vite/deps/chunk-FKYBLHJN.js?v=9344cd7a:3190:21)
    at create_effect (http://localhost:4321/node_modules/.vite/deps/chunk-FKYBLHJN.js?v=9344cd7a:2554:7)
    at block (http://localhost:4321/node_modules/.vite/deps/chunk-FKYBLHJN.js?v=9344cd7a:2703:17)
    at wrapper (http://localhost:4321/node_modules/.vite/deps/chunk-6CTLHYZO.js?v=9344cd7a:289:5) @ http://localhost:4321/anime/:8139
[    9506ms] [WARNING] Failed to hydrate:  TypeError: Cannot read properties of undefined (reading 'call')

	in <unknown>


	in <unknown>

    at get_next_sibling (http://localhost:4321/node_modules/.vite/deps/chunk-FKYBLHJN.js?v=9344cd7a:3803:30)
    at remove_effect_dom (http://localhost:4321/node_modules/.vite/deps/chunk-FKYBLHJN.js?v=9344cd7a:2789:7)
    at destroy_effect (http://localhost:4321/node_modules/.vite/deps/chunk-FKYBLHJN.js?v=9344cd7a:2759:5)
    at create_effect (http://localhost:4321/node_modules/.vite/deps/chunk-FKYBLHJN.js?v=9344cd7a:2557:7)
    at branch (http://localhost:4321/node_modules/.vite/deps/chunk-FKYBLHJN.js?v=9344cd7a:2710:10)
    at http://localhost:4321/node_modules/.vite/deps/chunk-6CTLHYZO.js?v=9344cd7a:296:17
    at update_reaction (http://localhost:4321/node_modules/.vite/deps/chunk-FKYBLHJN.js?v=9344cd7a:3060:18)
    at update_effect (http://localhost:4321/node_modules/.vite/deps/chunk-FKYBLHJN.js?v=9344cd7a:3190:21)
    at create_effect (http://localhost:4321/node_modules/.vite/deps/chunk-FKYBLHJN.js?v=9344cd7a:2554:7)
    at block (http://localhost:4321/node_modules/.vite/deps/chunk-FKYBLHJN.js?v=9344cd7a:2703:17) @ http://localhost:4321/node_modules/.vite/deps/chunk-EYUIUZYQ.js?v=9344cd7a:607
[    9507ms] [ERROR] [astro-island] Error hydrating /src/components/LightDarkSwitchClient.svelte TypeError: Cannot read properties of undefined (reading 'call')

	in <unknown>


	in <unknown>

    at get_next_sibling (http://localhost:4321/node_modules/.vite/deps/chunk-FKYBLHJN.js?v=9344cd7a:3803:30)
    at remove_effect_dom (http://localhost:4321/node_modules/.vite/deps/chunk-FKYBLHJN.js?v=9344cd7a:2789:7)
    at destroy_effect (http://localhost:4321/node_modules/.vite/deps/chunk-FKYBLHJN.js?v=9344cd7a:2759:5)
    at create_effect (http://localhost:4321/node_modules/.vite/deps/chunk-FKYBLHJN.js?v=9344cd7a:2557:7)
    at branch (http://localhost:4321/node_modules/.vite/deps/chunk-FKYBLHJN.js?v=9344cd7a:2710:10)
    at http://localhost:4321/node_modules/.vite/deps/chunk-6CTLHYZO.js?v=9344cd7a:296:17
    at update_reaction (http://localhost:4321/node_modules/.vite/deps/chunk-FKYBLHJN.js?v=9344cd7a:3060:18)
    at update_effect (http://localhost:4321/node_modules/.vite/deps/chunk-FKYBLHJN.js?v=9344cd7a:3190:21)
    at create_effect (http://localhost:4321/node_modules/.vite/deps/chunk-FKYBLHJN.js?v=9344cd7a:2554:7)
    at block (http://localhost:4321/node_modules/.vite/deps/chunk-FKYBLHJN.js?v=9344cd7a:2703:17) @ http://localhost:4321/anime/:8139
[ 1620214ms] [ERROR] Failed to load resource: net::ERR_CONNECTION_REFUSED @ http://localhost:4321/favicon/favicon-dark-128.png:0
[ 1620454ms] [ERROR] Failed to load resource: net::ERR_CONNECTION_REFUSED @ http://localhost:4321/favicon/favicon-dark-180.png:0
[ 1622565ms] [ERROR] Failed to load resource: net::ERR_CONNECTION_REFUSED @ http://localhost:4321/favicon/favicon-dark-192.png:0
